# JRE version: OpenJDK Runtime Environment (21.0.5) (build 21.0.5+-13047016-b750.29)
# Java VM: OpenJDK 64-Bit Server VM (21.0.5+-13047016-b750.29, mixed mode, tiered, compressed oops, compressed class ptrs, g1 gc, windows-amd64)
GC Precious Log:
 CardTable entry size: 512
 Card Set container configuration: InlinePtr #cards 4 size 8 Array Of Cards #cards 16 size 48 Howl #buckets 8 coarsen threshold 3686 Howl Bitmap #cards 512 size 80 coarsen threshold 460 Card regions per heap region 1 cards per card region 4096
 CPUs: 12 total, 12 available
 Memory: 16318M
 Large Page Support: Disabled
 NUMA Support: Disabled
 Compressed Oops: Enabled (Zero based)
 Heap Region Size: 2M
 Heap Min Capacity: 8M
 Heap Initial Capacity: 256M
 Heap Max Capacity: 4080M
 Pre-touch: Disabled
 Parallel Workers: 10
 Concurrent Workers: 3
 Concurrent Refinement Workers: 10
 Periodic GC: Disabled
Heap:
 garbage-first heap   total 188416K, used 116736K [0x0000000701000000, 0x0000000800000000)
  region size 2048K, 23 young (47104K), 4 survivors (8192K)
 Metaspace       used 71357K, committed 71744K, reserved 1114112K
  class space    used 7777K, committed 7936K, reserved 1048576K
GC Heap History (20 events):
Event: 0.740 GC heap before
{Heap before GC invocations=3 (full 0):
 garbage-first heap   total 34816K, used 31045K [0x0000000701000000, 0x0000000800000000)
  region size 2048K, 15 young (30720K), 3 survivors (6144K)
 Metaspace       used 24993K, committed 25280K, reserved 1114112K
  class space    used 2623K, committed 2752K, reserved 1048576K
}
Event: 0.746 GC heap after
{Heap after GC invocations=4 (full 0):
 garbage-first heap   total 47104K, used 16384K [0x0000000701000000, 0x0000000800000000)
  region size 2048K, 6 young (12288K), 6 survivors (12288K)
 Metaspace       used 24993K, committed 25280K, reserved 1114112K
  class space    used 2623K, committed 2752K, reserved 1048576K
}
Event: 0.873 GC heap before
{Heap before GC invocations=4 (full 0):
 garbage-first heap   total 47104K, used 30720K [0x0000000701000000, 0x0000000800000000)
  region size 2048K, 13 young (26624K), 6 survivors (12288K)
 Metaspace       used 28398K, committed 28672K, reserved 1114112K
  class space    used 3017K, committed 3136K, reserved 1048576K
}
Event: 0.880 GC heap after
{Heap after GC invocations=5 (full 0):
 garbage-first heap   total 47104K, used 18190K [0x0000000701000000, 0x0000000800000000)
  region size 2048K, 1 young (2048K), 1 survivors (2048K)
 Metaspace       used 28398K, committed 28672K, reserved 1114112K
  class space    used 3017K, committed 3136K, reserved 1048576K
}
Event: 1.045 GC heap before
{Heap before GC invocations=5 (full 0):
 garbage-first heap   total 47104K, used 34574K [0x0000000701000000, 0x0000000800000000)
  region size 2048K, 9 young (18432K), 1 survivors (2048K)
 Metaspace       used 33469K, committed 33728K, reserved 1114112K
  class space    used 4052K, committed 4160K, reserved 1048576K
}
Event: 1.048 GC heap after
{Heap after GC invocations=6 (full 0):
 garbage-first heap   total 47104K, used 18830K [0x0000000701000000, 0x0000000800000000)
  region size 2048K, 2 young (4096K), 2 survivors (4096K)
 Metaspace       used 33469K, committed 33728K, reserved 1114112K
  class space    used 4052K, committed 4160K, reserved 1048576K
}
Event: 1.135 GC heap before
{Heap before GC invocations=6 (full 0):
 garbage-first heap   total 47104K, used 29070K [0x0000000701000000, 0x0000000800000000)
  region size 2048K, 8 young (16384K), 2 survivors (4096K)
 Metaspace       used 35771K, committed 35968K, reserved 1114112K
  class space    used 4285K, committed 4352K, reserved 1048576K
}
Event: 1.139 GC heap after
{Heap after GC invocations=7 (full 0):
 garbage-first heap   total 47104K, used 19859K [0x0000000701000000, 0x0000000800000000)
  region size 2048K, 2 young (4096K), 2 survivors (4096K)
 Metaspace       used 35771K, committed 35968K, reserved 1114112K
  class space    used 4285K, committed 4352K, reserved 1048576K
}
Event: 1.269 GC heap before
{Heap before GC invocations=8 (full 0):
 garbage-first heap   total 47104K, used 32147K [0x0000000701000000, 0x0000000800000000)
  region size 2048K, 9 young (18432K), 2 survivors (4096K)
 Metaspace       used 39450K, committed 39744K, reserved 1114112K
  class space    used 4651K, committed 4800K, reserved 1048576K
}
Event: 1.273 GC heap after
{Heap after GC invocations=9 (full 0):
 garbage-first heap   total 155648K, used 20705K [0x0000000701000000, 0x0000000800000000)
  region size 2048K, 2 young (4096K), 2 survivors (4096K)
 Metaspace       used 39450K, committed 39744K, reserved 1114112K
  class space    used 4651K, committed 4800K, reserved 1048576K
}
Event: 2.021 GC heap before
{Heap before GC invocations=9 (full 0):
 garbage-first heap   total 155648K, used 106721K [0x0000000701000000, 0x0000000800000000)
  region size 2048K, 45 young (92160K), 2 survivors (4096K)
 Metaspace       used 49894K, committed 50176K, reserved 1114112K
  class space    used 5683K, committed 5824K, reserved 1048576K
}
Event: 2.038 GC heap after
{Heap after GC invocations=10 (full 0):
 garbage-first heap   total 155648K, used 40137K [0x0000000701000000, 0x0000000800000000)
  region size 2048K, 6 young (12288K), 6 survivors (12288K)
 Metaspace       used 49894K, committed 50176K, reserved 1114112K
  class space    used 5683K, committed 5824K, reserved 1048576K
}
Event: 2.677 GC heap before
{Heap before GC invocations=10 (full 0):
 garbage-first heap   total 155648K, used 101577K [0x0000000701000000, 0x0000000800000000)
  region size 2048K, 36 young (73728K), 6 survivors (12288K)
 Metaspace       used 57975K, committed 58304K, reserved 1114112K
  class space    used 6637K, committed 6784K, reserved 1048576K
}
Event: 2.695 GC heap after
{Heap after GC invocations=11 (full 0):
 garbage-first heap   total 155648K, used 52771K [0x0000000701000000, 0x0000000800000000)
  region size 2048K, 5 young (10240K), 5 survivors (10240K)
 Metaspace       used 57975K, committed 58304K, reserved 1114112K
  class space    used 6637K, committed 6784K, reserved 1048576K
}
Event: 3.192 GC heap before
{Heap before GC invocations=11 (full 0):
 garbage-first heap   total 155648K, used 95779K [0x0000000701000000, 0x0000000800000000)
  region size 2048K, 27 young (55296K), 5 survivors (10240K)
 Metaspace       used 60141K, committed 60416K, reserved 1114112K
  class space    used 6793K, committed 6912K, reserved 1048576K
}
Event: 3.208 GC heap after
{Heap after GC invocations=12 (full 0):
 garbage-first heap   total 155648K, used 62769K [0x0000000701000000, 0x0000000800000000)
  region size 2048K, 5 young (10240K), 5 survivors (10240K)
 Metaspace       used 60141K, committed 60416K, reserved 1114112K
  class space    used 6793K, committed 6912K, reserved 1048576K
}
Event: 3.925 GC heap before
{Heap before GC invocations=13 (full 0):
 garbage-first heap   total 155648K, used 116017K [0x0000000701000000, 0x0000000800000000)
  region size 2048K, 31 young (63488K), 5 survivors (10240K)
 Metaspace       used 64343K, committed 64640K, reserved 1114112K
  class space    used 7144K, committed 7296K, reserved 1048576K
}
Event: 3.938 GC heap after
{Heap after GC invocations=14 (full 0):
 garbage-first heap   total 155648K, used 70121K [0x0000000701000000, 0x0000000800000000)
  region size 2048K, 4 young (8192K), 4 survivors (8192K)
 Metaspace       used 64343K, committed 64640K, reserved 1114112K
  class space    used 7144K, committed 7296K, reserved 1048576K
}
Event: 4.244 GC heap before
{Heap before GC invocations=14 (full 0):
 garbage-first heap   total 155648K, used 123369K [0x0000000701000000, 0x0000000800000000)
  region size 2048K, 30 young (61440K), 4 survivors (8192K)
 Metaspace       used 67139K, committed 67456K, reserved 1114112K
  class space    used 7407K, committed 7552K, reserved 1048576K
}
Event: 4.259 GC heap after
{Heap after GC invocations=15 (full 0):
 garbage-first heap   total 188416K, used 79872K [0x0000000701000000, 0x0000000800000000)
  region size 2048K, 4 young (8192K), 4 survivors (8192K)
 Metaspace       used 67139K, committed 67456K, reserved 1114112K
  class space    used 7407K, committed 7552K, reserved 1048576K
}

